<?xml version="1.0" encoding="UTF-8"?><testsuite errors="1" failures="0" name="complete test automation" skipped="0" tests="1" time="2.79" timestamp="2024-02-14 07:44:49"><testcase name="test excecution"><error message="no such window: target window already closed&#10;from unknown error: web view not found&#10;  (Session info: chrome=121.0.6167.161)&#10;Build info: version: '3.141.59', revision: 'e82be7d358', time: '2018-11-14T08:17:03'&#10;System info: host: 'DESKTOP-BSGNLK0', ip: '192.168.101.5', os.name: 'Windows 10', os.arch: 'amd64', os.version: '10.0', java.version: '11.0.22'&#10;Driver info: org.openqa.selenium.chrome.ChromeDriver&#10;Capabilities {acceptInsecureCerts: false, browserName: chrome, browserVersion: 121.0.6167.161, chrome: {chromedriverVersion: 121.0.6167.85 (3f98d690ad7e..., userDataDir: C:\Users\ALEJAN~1\AppData\L...}, fedcm:accounts: true, goog:chromeOptions: {debuggerAddress: localhost:50003}, javascriptEnabled: true, networkConnectionEnabled: false, pageLoadStrategy: normal, platform: WINDOWS, platformName: WINDOWS, proxy: Proxy(), setWindowRect: true, strictFileInteractability: false, timeouts: {implicit: 0, pageLoad: 300000, script: 30000}, unhandledPromptBehavior: dismiss and notify, webauthn:extension:credBlob: true, webauthn:extension:largeBlob: true, webauthn:extension:minPinLength: true, webauthn:extension:prf: true, webauthn:virtualAuthenticators: true}&#10;Session ID: 1af57b777b388eee70a3363f5f07c117&#10;Build info: version: '3.141.59', revision: 'e82be7d358', time: '2018-11-14T08:17:03'&#10;System info: host: 'DESKTOP-BSGNLK0', ip: '192.168.101.5', os.name: 'Windows 10', os.arch: 'amd64', os.version: '10.0', java.version: '11.0.22'&#10;Driver info: driver.version: MyWebDriver" type="org.openqa.selenium.NoSuchWindowException">no such window: target window already closed
from unknown error: web view not found
  (Session info: chrome=121.0.6167.161)
Build info: version: '3.141.59', revision: 'e82be7d358', time: '2018-11-14T08:17:03'
System info: host: 'DESKTOP-BSGNLK0', ip: '192.168.101.5', os.name: 'Windows 10', os.arch: 'amd64', os.version: '10.0', java.version: '11.0.22'
Driver info: org.openqa.selenium.chrome.ChromeDriver
Capabilities {acceptInsecureCerts: false, browserName: chrome, browserVersion: 121.0.6167.161, chrome: {chromedriverVersion: 121.0.6167.85 (3f98d690ad7e..., userDataDir: C:\Users\ALEJAN~1\AppData\L...}, fedcm:accounts: true, goog:chromeOptions: {debuggerAddress: localhost:50003}, javascriptEnabled: true, networkConnectionEnabled: false, pageLoadStrategy: normal, platform: WINDOWS, platformName: WINDOWS, proxy: Proxy(), setWindowRect: true, strictFileInteractability: false, timeouts: {implicit: 0, pageLoad: 300000, script: 30000}, unhandledPromptBehavior: dismiss and notify, webauthn:extension:credBlob: true, webauthn:extension:largeBlob: true, webauthn:extension:minPinLength: true, webauthn:extension:prf: true, webauthn:virtualAuthenticators: true}
Session ID: 1af57b777b388eee70a3363f5f07c117
Build info: version: '3.141.59', revision: 'e82be7d358', time: '2018-11-14T08:17:03'
System info: host: 'DESKTOP-BSGNLK0', ip: '192.168.101.5', os.name: 'Windows 10', os.arch: 'amd64', os.version: '10.0', java.version: '11.0.22'
Driver info: driver.version: MyWebDriver</error><system-err>no such window: target window already closed
from unknown error: web view not found
  (Session info: chrome=121.0.6167.161)
Build info: version: '3.141.59', revision: 'e82be7d358', time: '2018-11-14T08:17:03'
System info: host: 'DESKTOP-BSGNLK0', ip: '192.168.101.5', os.name: 'Windows 10', os.arch: 'amd64', os.version: '10.0', java.version: '11.0.22'
Driver info: org.openqa.selenium.chrome.ChromeDriver
Capabilities {acceptInsecureCerts: false, browserName: chrome, browserVersion: 121.0.6167.161, chrome: {chromedriverVersion: 121.0.6167.85 (3f98d690ad7e..., userDataDir: C:\Users\ALEJAN~1\AppData\L...}, fedcm:accounts: true, goog:chromeOptions: {debuggerAddress: localhost:50003}, javascriptEnabled: true, networkConnectionEnabled: false, pageLoadStrategy: normal, platform: WINDOWS, platformName: WINDOWS, proxy: Proxy(), setWindowRect: true, strictFileInteractability: false, timeouts: {implicit: 0, pageLoad: 300000, script: 30000}, unhandledPromptBehavior: dismiss and notify, webauthn:extension:credBlob: true, webauthn:extension:largeBlob: true, webauthn:extension:minPinLength: true, webauthn:extension:prf: true, webauthn:virtualAuthenticators: true}
Session ID: 1af57b777b388eee70a3363f5f07c117
Build info: version: '3.141.59', revision: 'e82be7d358', time: '2018-11-14T08:17:03'
System info: host: 'DESKTOP-BSGNLK0', ip: '192.168.101.5', os.name: 'Windows 10', os.arch: 'amd64', os.version: '10.0', java.version: '11.0.22'
Driver info: driver.version: MyWebDriver&#13;
utils.MyWebDriver.inUrl(MyWebDriver.java:14)&#13;
stepdefinitions.TestAutomationStepDefinitions.theUserIsInTheTestPage(TestAutomationStepDefinitions.java:28)&#13;
✽.Jorge Alejandro is in the test page(src/test/resources/test_automation.feature:4)&#13;
</system-err></testcase></testsuite>